#
# A fatal error has been detected by the Java Runtime Environment:
#
#  SIGBUS (0xa) at pc=0x00007fff7904bce9, pid=670, tid=0x0000000000002a03
#
# JRE version: OpenJDK Runtime Environment (8.0_242) (build 1.8.0_242-release-1644-b3-6222593)
# Java VM: OpenJDK 64-Bit Server VM (25.242-b3-6222593 mixed mode bsd-amd64 compressed oops)
# Problematic frame:
# C  [libsystem_platform.dylib+0x1ce9]  _platform_memmove$VARIANT$Haswell+0x29
#
# Failed to write core dump. Core dumps have been disabled. To enable core dumping, try "ulimit -c unlimited" before starting Java again
#
# If you would like to submit a bug report, please visit:
#   http://bugreport.java.com/bugreport/crash.jsp
#

---------------  T H R E A D  ---------------

Current thread (0x00007fa27e801000):  GCTaskThread [stack: 0x0000700002ea8000,0x0000700002fa8000] [id=10755]

siginfo: si_signo: 10 (SIGBUS), si_code: 2 (BUS_ADRERR), si_addr: 0x00000007c2a2c000

Registers:
RAX=0x000000074fc0a010, RBX=0x000000074fc0a010, RCX=0x00000000358c6cc0, RDX=0x0000000040000030
RSP=0x0000700002fa7bf0, RBP=0x0000700002fa7bf0, RSI=0x00000007c2a2c000, RDI=0x000000075a343380
R8 =0x00000001072268a0, R9 =0x0000000008000006, R10=0x00007fa27cc06fd8, R11=0xffffffff97917380
R12=0x000000004fc0a001, R13=0x0000000000000031, R14=0x00007fa27e0119c0, R15=0x00000007b82f2c90
RIP=0x00007fff7904bce9, EFLAGS=0x0000000000010206, ERR=0x0000000000000004
  TRAPNO=0x000000000000000e

Top of Stack: (sp=0x0000700002fa7bf0)
0x0000700002fa7bf0:   0000700002fa7c70 0000000106e9ca27
0x0000700002fa7c00:   00007fa27ce03828 00000007a9e30148
0x0000700002fa7c10:   0000000000001000 000000074fbe1cb0
0x0000700002fa7c20:   0000000000000400 00000007b82d11d2
0x0000700002fa7c30:   00007fa27e0119e8 000000000000003d
0x0000700002fa7c40:   0000000008000006 00000007a9e33ead
0x0000700002fa7c50:   0000000107221ffb 00007fa27e0119c0
0x0000700002fa7c60:   00000007a9e33eac 00000001072112c8
0x0000700002fa7c70:   0000700002fa7ca0 0000000106e99f8a
0x0000700002fa7c80:   00000007a9e33ead 00000001072268a0
0x0000700002fa7c90:   00007fa27e011a20 00007fa27e011a58
0x0000700002fa7ca0:   0000700002fa7d00 0000000106e99e19
0x0000700002fa7cb0:   0000700002fa7d00 0000000106ca7db4
0x0000700002fa7cc0:   00000007c0001868 00000007a9e33ead
0x0000700002fa7cd0:   0000000742e49fe4 0000000000000240
0x0000700002fa7ce0:   0000000742e4a000 0000000107ccf281
0x0000700002fa7cf0:   0000000742e4a000 0000000107ccf250
0x0000700002fa7d00:   0000700002fa7db0 0000000106b3d1bd
0x0000700002fa7d10:   00007fa27ce05984 0000000107ccf280
0x0000700002fa7d20:   0000000107ccf201 0000000107ccf280
0x0000700002fa7d30:   0000000107ccf200 0000000000000200
0x0000700002fa7d40:   0000000107d35f0e 000000074fbe1cb0
0x0000700002fa7d50:   0000000000000000 00007fa27e0119c0
0x0000700002fa7d60:   0000000742e48aa8 0000000742e500d0
0x0000700002fa7d70:   0000000107d35f0f 00007fa27cc06020
0x0000700002fa7d80:   00007fa27cc062a0 00007fa27cd0f0d0
0x0000700002fa7d90:   00007fa27cd0f0d0 0000000106fcf89a
0x0000700002fa7da0:   00007fa27e0119c0 0000000000000001
0x0000700002fa7db0:   0000700002fa7de0 0000000106e9d56d
0x0000700002fa7dc0:   00007fa200000004 00007fa282d0a340
0x0000700002fa7dd0:   00007fa27e801000 0000000000000000
0x0000700002fa7de0:   0000700002fa7ec0 0000000106c5a011 

Instructions: (pc=0x00007fff7904bce9)
0x00007fff7904bcc9:   f3 48 89 f8 49 39 d3 72 1b 48 83 fa 60 76 2f 48
0x00007fff7904bcd9:   81 fa 00 40 00 00 0f 82 cb 00 00 00 48 89 d1 fc
0x00007fff7904bce9:   f3 a4 5d c3 48 39 fe 74 f9 48 01 d6 48 01 d7 48
0x00007fff7904bcf9:   83 fa 60 0f 82 8c 01 00 00 e9 a9 01 00 00 48 83 

Register to memory mapping:

RAX=0x000000074fc0a010 is an oop
[C 
 - klass: {type array char}
 - length: 536870926
RBX=0x000000074fc0a010 is an oop
[C 
 - klass: {type array char}
 - length: 536870926
RCX=0x00000000358c6cc0 is an unknown value
RDX=0x0000000040000030 is an unknown value
RSP=0x0000700002fa7bf0 is an unknown value
RBP=0x0000700002fa7bf0 is an unknown value
RSI=0x00000007c2a2c000 is an unknown value
RDI=0x000000075a343380 is pointing into object: 0x000000074fc0a010
[C 
 - klass: {type array char}
 - length: 536870926
R8 =0x00000001072268a0: _ZN2os16_processor_countE+0 in /Applications/Android Studio.app/Contents/jre/jdk/Contents/Home/jre/lib/server/libjvm.dylib at 0x0000000106a00000
R9 =0x0000000008000006 is an unknown value
R10=0x00007fa27cc06fd8 is an unknown value
R11=0xffffffff97917380 is an unknown value
R12=0x000000004fc0a001 is an unknown value
R13=0x0000000000000031 is an unknown value
R14=0x00007fa27e0119c0 is an unknown value
R15=0x00000007b82f2c90 is an oop
[C 
 - klass: {type array char}
 - length: 536870926


Stack: [0x0000700002ea8000,0x0000700002fa8000],  sp=0x0000700002fa7bf0,  free space=1022k
Native frames: (J=compiled Java code, j=interpreted, Vv=VM code, C=native code)
C  [libsystem_platform.dylib+0x1ce9]  _platform_memmove$VARIANT$Haswell+0x29
V  [libjvm.dylib+0x49ca27]
V  [libjvm.dylib+0x499f8a]
V  [libjvm.dylib+0x499e19]
V  [libjvm.dylib+0x13d1bd]
V  [libjvm.dylib+0x49d56d]
V  [libjvm.dylib+0x25a011]
V  [libjvm.dylib+0x45b9eb]
C  [libsystem_pthread.dylib+0x32eb]  _pthread_body+0x7e
C  [libsystem_pthread.dylib+0x6249]  _pthread_start+0x42
C  [libsystem_pthread.dylib+0x240d]  thread_start+0xd


---------------  P R O C E S S  ---------------

Java Threads: ( => current thread )
  0x00007fa285966000 JavaThread "Build operations Thread 3" [_thread_blocked, id=31987, stack(0x000070000500b000,0x000070000510b000)]
  0x00007fa282468000 JavaThread "Build operations Thread 2" [_thread_blocked, id=28395, stack(0x0000700004f08000,0x0000700005008000)]
  0x00007fa282710000 JavaThread "Build operations" [_thread_blocked, id=37619, stack(0x0000700004e05000,0x0000700004f05000)]
  0x00007fa27edc9000 JavaThread "Cache worker for cache directory md-rule (/Users/ducnv1106/.gradle/caches/6.1.1/md-rule)" [_thread_blocked, id=33127, stack(0x0000700004d02000,0x0000700004e02000)]
  0x00007fa280ec4000 JavaThread "Cache worker for cache directory md-supplier (/Users/ducnv1106/.gradle/caches/6.1.1/md-supplier)" [_thread_blocked, id=85567, stack(0x0000700004afc000,0x0000700004bfc000)]
  0x00007fa287a96800 JavaThread "Cache worker for file hash cache (/Users/ducnv1106/AndroidStudioProjects/MovieHunt/.gradle/6.1.1/fileHashes)" [_thread_blocked, id=3715, stack(0x00007000049f9000,0x0000700004af9000)]
  0x00007fa2893d8000 JavaThread "Cache worker for checksums cache (/Users/ducnv1106/AndroidStudioProjects/MovieHunt/.gradle/checksums)" [_thread_blocked, id=32627, stack(0x00007000048f6000,0x00007000049f6000)]
  0x00007fa287f38000 JavaThread "Thread-2288" [_thread_blocked, id=38147, stack(0x00007000047f3000,0x00007000048f3000)]
  0x00007fa289146800 JavaThread "Stdin handler" [_thread_blocked, id=39203, stack(0x00007000043e7000,0x00007000044e7000)]
  0x00007fa2879b4800 JavaThread "Asynchronous log dispatcher for DefaultDaemonConnection: socket connection from /127.0.0.1:49675 to /127.0.0.1:52178" [_thread_blocked, id=36683, stack(0x00007000041e1000,0x00007000042e1000)]
  0x00007fa282012000 JavaThread "Daemon worker Thread 57" [_thread_blocked, id=42791, stack(0x00007000040de000,0x00007000041de000)]
  0x00007fa282ea5000 JavaThread "Cancel handler" [_thread_blocked, id=23559, stack(0x0000700003fdb000,0x00007000040db000)]
  0x00007fa281d85800 JavaThread "Handler for socket connection from /127.0.0.1:49675 to /127.0.0.1:52178" [_thread_in_native, id=86535, stack(0x0000700003ed8000,0x0000700003fd8000)]
  0x00007fa281f09800 JavaThread "Daemon Thread 57" [_thread_blocked, id=37891, stack(0x0000700003dd5000,0x0000700003ed5000)]
  0x00007fa281dde000 JavaThread "RMI TCP Connection(idle)" daemon [_thread_blocked, id=85347, stack(0x00007000065cd000,0x00007000066cd000)]
  0x00007fa287e71000 JavaThread "RMI RenewClean-[127.0.0.1:17933,org.jetbrains.kotlin.daemon.common.LoopbackNetworkInterface$ClientLoopbackSocketFactory@2b496008]" daemon [_thread_blocked, id=43791, stack(0x00007000064ca000,0x00007000065ca000)]
  0x00007fa285de3000 JavaThread "Cache worker for Java compile cache (/Users/ducnv1106/.gradle/caches/6.1.1/javaCompile)" [_thread_blocked, id=31243, stack(0x00007000042e4000,0x00007000043e4000)]
  0x00007fa2820f0000 JavaThread "RMI Reaper" [_thread_blocked, id=34051, stack(0x000070000613e000,0x000070000623e000)]
  0x00007fa282be0800 JavaThread "RMI TCP Accept-0" daemon [_thread_in_native, id=30211, stack(0x000070000603b000,0x000070000613b000)]
  0x00007fa282bdf800 JavaThread "GC Daemon" daemon [_thread_blocked, id=29699, stack(0x0000700005f38000,0x0000700006038000)]
  0x00007fa27eb4a800 JavaThread "RMI Scheduler(0)" daemon [_thread_blocked, id=34823, stack(0x0000700005a29000,0x0000700005b29000)]
  0x00007fa282ee3800 JavaThread "process reaper" daemon [_thread_in_native, id=36359, stack(0x0000700002bc7000,0x0000700002bef000)]
  0x00007fa27d9ea800 JavaThread "Cache worker for file content cache (/Users/ducnv1106/.gradle/caches/6.1.1/fileContent)" [_thread_blocked, id=26627, stack(0x0000700005314000,0x0000700005414000)]
  0x00007fa28284d000 JavaThread "Memory manager" [_thread_blocked, id=4103, stack(0x0000700005211000,0x0000700005311000)]
  0x00007fa27ddcf000 JavaThread "Cache worker for execution history cache (/Users/ducnv1106/.gradle/caches/6.1.1/executionHistory)" [_thread_blocked, id=24067, stack(0x0000700004bff000,0x0000700004cff000)]
  0x00007fa27d87d800 JavaThread "Cache worker for file hash cache (/Users/ducnv1106/.gradle/caches/6.1.1/fileHashes)" [_thread_blocked, id=40963, stack(0x00007000046f0000,0x00007000047f0000)]
  0x00007fa27da63000 JavaThread "File lock request listener" [_thread_in_native, id=41475, stack(0x00007000045ed000,0x00007000046ed000)]
  0x00007fa27db6a000 JavaThread "Cache worker for journal cache (/Users/ducnv1106/.gradle/caches/journal-1)" [_thread_blocked, id=41987, stack(0x00007000044ea000,0x00007000045ea000)]
  0x00007fa27e2e6000 JavaThread "Daemon periodic checks" [_thread_blocked, id=15619, stack(0x0000700003cd2000,0x0000700003dd2000)]
  0x00007fa27d9ff000 JavaThread "Incoming local TCP Connector on port 49675" [_thread_in_native, id=17411, stack(0x0000700003bcf000,0x0000700003ccf000)]
  0x00007fa27edd0800 JavaThread "Daemon health stats" [_thread_blocked, id=17667, stack(0x0000700003acc000,0x0000700003bcc000)]
  0x00007fa27d802000 JavaThread "Service Thread" daemon [_thread_blocked, id=14595, stack(0x00007000038c6000,0x00007000039c6000)]
  0x00007fa27e012800 JavaThread "C1 CompilerThread2" daemon [_thread_blocked, id=14339, stack(0x00007000037c3000,0x00007000038c3000)]
  0x00007fa27e833000 JavaThread "C2 CompilerThread1" daemon [_thread_blocked, id=18435, stack(0x00007000036c0000,0x00007000037c0000)]
  0x00007fa27e831800 JavaThread "C2 CompilerThread0" daemon [_thread_blocked, id=18947, stack(0x00007000035bd000,0x00007000036bd000)]
  0x00007fa27e830000 JavaThread "Signal Dispatcher" daemon [_thread_blocked, id=19203, stack(0x00007000034ba000,0x00007000035ba000)]
  0x00007fa27e80c800 JavaThread "Finalizer" daemon [_thread_blocked, id=12547, stack(0x00007000033b7000,0x00007000034b7000)]
  0x00007fa27d824800 JavaThread "Reference Handler" daemon [_thread_blocked, id=12035, stack(0x00007000032b4000,0x00007000033b4000)]
  0x00007fa27d803800 JavaThread "main" [_thread_blocked, id=9987, stack(0x0000700002ca2000,0x0000700002da2000)]

Other Threads:
  0x00007fa27d004000 VMThread [stack: 0x00007000031b1000,0x00007000032b1000] [id=11779]
  0x00007fa27d007000 WatcherThread [stack: 0x00007000039c9000,0x0000700003ac9000] [id=17923]

=>0x00007fa27e801000 (exited) GCTaskThread [stack: 0x0000700002ea8000,0x0000700002fa8000] [id=10755]

VM state:at safepoint (normal execution)

VM Mutex/Monitor currently owned by a thread:  ([mutex/lock_event])
[0x00007fa27cf01a00] Threads_lock - owner thread: 0x00007fa27d004000
[0x00007fa27cf01f00] Heap_lock - owner thread: 0x00007fa282468000

heap address: 0x0000000740000000, size: 2048 MB, Compressed Oops mode: Zero based, Oop shift amount: 3
Narrow klass base: 0x0000000000000000, Narrow klass shift: 3
Compressed class space size: 1073741824 Address: 0x00000007c0000000

Heap:
 PSYoungGen      total 481280K, used 481276K [0x0000000795580000, 0x00000007c0000000, 0x00000007c0000000)
  eden space 332288K, 100% used [0x0000000795580000,0x00000007a9a00000,0x00000007a9a00000)
  from space 148992K, 99% used [0x00000007b6e80000,0x00000007bffff258,0x00000007c0000000)
  to   space 183296K, 59% used [0x00000007a9a00000,0x00000007b0517f20,0x00000007b4d00000)
 ParOldGen       total 1398272K, used 1307778K [0x0000000740000000, 0x0000000795580000, 0x0000000795580000)
  object space 1398272K, 93% used [0x0000000740000000,0x000000078fd20910,0x0000000795580000)
 Metaspace       used 282604K, capacity 294750K, committed 347288K, reserved 1353728K
  class space    used 33389K, capacity 35422K, committed 43184K, reserved 1048576K

Card table byte_map: [0x0000000107cb8000,0x00000001080b9000] byte_map_base: 0x00000001042b8000

Marking Bits: (ParMarkBitMap*) 0x00000001072273f8
 Begin Bits: [0x0000000108364000, 0x000000010a364000)
 End Bits:   [0x000000010a364000, 0x000000010c364000)

Polling page: 0x00000001061d5000

CodeCache: size=245760Kb used=142396Kb max_used=150336Kb free=103363Kb
 bounds [0x000000011420b000, 0x000000011d61b000, 0x000000012320b000]
 total_blobs=41569 nmethods=40574 adapters=905
 compilation: enabled

Compilation events (10 events):
Event: 9414.321 Thread 0x00007fa27e012800 nmethod 64701 0x0000000114691c50 code [0x0000000114691dc0, 0x0000000114691fb0]
Event: 9414.335 Thread 0x00007fa27e012800 64702       3       com.google.common.cache.LocalCache$HashIterator::advance (94 bytes)
Event: 9414.336 Thread 0x00007fa27e012800 nmethod 64702 0x0000000115e7d7d0 code [0x0000000115e7d9a0, 0x0000000115e7e0a8]
Event: 9414.339 Thread 0x00007fa27e012800 64703       3       com.google.common.cache.LocalCache$HashIterator::hasNext (13 bytes)
Event: 9414.339 Thread 0x00007fa27e012800 nmethod 64703 0x0000000115d71210 code [0x0000000115d71380, 0x0000000115d71530]
Event: 9514.642 Thread 0x00007fa27e012800 64704   !   3       sun.reflect.GeneratedMethodAccessor151::invoke (68 bytes)
Event: 9514.644 Thread 0x00007fa27e012800 nmethod 64704 0x0000000116a8aa50 code [0x0000000116a8ac40, 0x0000000116a8b438]
Event: 9514.644 Thread 0x00007fa27e831800 64705   !   4       java.io.RandomAccessFile::getChannel (44 bytes)
Event: 9514.645 Thread 0x00007fa27e833000 64706       4       org.gradle.cache.internal.DefaultFileLockManager$ExponentialBackoff::retryUntil (57 bytes)
Event: 9514.658 Thread 0x00007fa27e831800 nmethod 64705 0x000000011545ef50 code [0x000000011545f0e0, 0x000000011545f858]

GC Heap History (10 events):
Event: 9210.098 GC heap after
Heap after GC invocations=150 (full 8):
 PSYoungGen      total 586240K, used 42866K [0x0000000795580000, 0x00000007c0000000, 0x00000007c0000000)
  eden space 500224K, 0% used [0x0000000795580000,0x0000000795580000,0x00000007b3e00000)
  from space 86016K, 49% used [0x00000007bac00000,0x00000007bd5dc8f0,0x00000007c0000000)
  to   space 99328K, 0% used [0x00000007b3e00000,0x00000007b3e00000,0x00000007b9f00000)
 ParOldGen       total 393728K, used 154185K [0x0000000740000000, 0x0000000758080000, 0x0000000795580000)
  object space 393728K, 39% used [0x0000000740000000,0x0000000749692538,0x0000000758080000)
 Metaspace       used 266332K, capacity 278226K, committed 347288K, reserved 1353728K
  class space    used 31544K, capacity 33530K, committed 43184K, reserved 1048576K
}
Event: 9288.911 GC heap before
{Heap before GC invocations=151 (full 8):
 PSYoungGen      total 586240K, used 543090K [0x0000000795580000, 0x00000007c0000000, 0x00000007c0000000)
  eden space 500224K, 100% used [0x0000000795580000,0x00000007b3e00000,0x00000007b3e00000)
  from space 86016K, 49% used [0x00000007bac00000,0x00000007bd5dc8f0,0x00000007c0000000)
  to   space 99328K, 0% used [0x00000007b3e00000,0x00000007b3e00000,0x00000007b9f00000)
 ParOldGen       total 393728K, used 154185K [0x0000000740000000, 0x0000000758080000, 0x0000000795580000)
  object space 393728K, 39% used [0x0000000740000000,0x0000000749692538,0x0000000758080000)
 Metaspace       used 266378K, capacity 278294K, committed 347288K, reserved 1353728K
  class space    used 31544K, capacity 33530K, committed 43184K, reserved 1048576K
Event: 9289.078 GC heap after
Heap after GC invocations=151 (full 8):
 PSYoungGen      total 599552K, used 54469K [0x0000000795580000, 0x00000007c0000000, 0x00000007c0000000)
  eden space 500224K, 0% used [0x0000000795580000,0x0000000795580000,0x00000007b3e00000)
  from space 99328K, 54% used [0x00000007b3e00000,0x00000007b73316d8,0x00000007b9f00000)
  to   space 97792K, 0% used [0x00000007ba080000,0x00000007ba080000,0x00000007c0000000)
 ParOldGen       total 393728K, used 154185K [0x0000000740000000, 0x0000000758080000, 0x0000000795580000)
  object space 393728K, 39% used [0x0000000740000000,0x0000000749692538,0x0000000758080000)
 Metaspace       used 266378K, capacity 278294K, committed 347288K, reserved 1353728K
  class space    used 31544K, capacity 33530K, committed 43184K, reserved 1048576K
}
Event: 9291.383 GC heap before
{Heap before GC invocations=152 (full 8):
 PSYoungGen      total 599552K, used 554693K [0x0000000795580000, 0x00000007c0000000, 0x00000007c0000000)
  eden space 500224K, 100% used [0x0000000795580000,0x00000007b3e00000,0x00000007b3e00000)
  from space 99328K, 54% used [0x00000007b3e00000,0x00000007b73316d8,0x00000007b9f00000)
  to   space 97792K, 0% used [0x00000007ba080000,0x00000007ba080000,0x00000007c0000000)
 ParOldGen       total 393728K, used 154185K [0x0000000740000000, 0x0000000758080000, 0x0000000795580000)
  object space 393728K, 39% used [0x0000000740000000,0x0000000749692538,0x0000000758080000)
 Metaspace       used 274461K, capacity 286516K, committed 347288K, reserved 1353728K
  class space    used 32466K, capacity 34475K, committed 43184K, reserved 1048576K
Event: 9291.912 GC heap after
Heap after GC invocations=152 (full 8):
 PSYoungGen      total 519168K, used 97769K [0x0000000795580000, 0x00000007c0000000, 0x00000007c0000000)
  eden space 421376K, 0% used [0x0000000795580000,0x0000000795580000,0x00000007af100000)
  from space 97792K, 99% used [0x00000007ba080000,0x00000007bfffa760,0x00000007c0000000)
  to   space 138752K, 0% used [0x00000007af100000,0x00000007af100000,0x00000007b7880000)
 ParOldGen       total 393728K, used 227194K [0x0000000740000000, 0x0000000758080000, 0x0000000795580000)
  object space 393728K, 57% used [0x0000000740000000,0x000000074dddeaf8,0x0000000758080000)
 Metaspace       used 274461K, capacity 286516K, committed 347288K, reserved 1353728K
  class space    used 32466K, capacity 34475K, committed 43184K, reserved 1048576K
}
Event: 9411.275 GC heap before
{Heap before GC invocations=153 (full 8):
 PSYoungGen      total 519168K, used 519145K [0x0000000795580000, 0x00000007c0000000, 0x00000007c0000000)
  eden space 421376K, 100% used [0x0000000795580000,0x00000007af100000,0x00000007af100000)
  from space 97792K, 99% used [0x00000007ba080000,0x00000007bfffa760,0x00000007c0000000)
  to   space 138752K, 0% used [0x00000007af100000,0x00000007af100000,0x00000007b7880000)
 ParOldGen       total 393728K, used 227194K [0x0000000740000000, 0x0000000758080000, 0x0000000795580000)
  object space 393728K, 57% used [0x0000000740000000,0x000000074dddeaf8,0x0000000758080000)
 Metaspace       used 274504K, capacity 286528K, committed 347288K, reserved 1353728K
  class space    used 32467K, capacity 34477K, committed 43184K, reserved 1048576K
Event: 9411.362 GC heap after
Heap after GC invocations=153 (full 8):
 PSYoungGen      total 529408K, used 107594K [0x0000000795580000, 0x00000007c0000000, 0x00000007c0000000)
  eden space 421376K, 0% used [0x0000000795580000,0x0000000795580000,0x00000007af100000)
  from space 108032K, 99% used [0x00000007af100000,0x00000007b5a12a78,0x00000007b5a80000)
  to   space 148992K, 0% used [0x00000007b6e80000,0x00000007b6e80000,0x00000007c0000000)
 ParOldGen       total 393728K, used 227194K [0x0000000740000000, 0x0000000758080000, 0x0000000795580000)
  object space 393728K, 57% used [0x0000000740000000,0x000000074dddeaf8,0x0000000758080000)
 Metaspace       used 274504K, capacity 286528K, committed 347288K, reserved 1353728K
  class space    used 32467K, capacity 34477K, committed 43184K, reserved 1048576K
}
Event: 9413.051 GC heap before
{Heap before GC invocations=154 (full 8):
 PSYoungGen      total 529408K, used 528970K [0x0000000795580000, 0x00000007c0000000, 0x00000007c0000000)
  eden space 421376K, 100% used [0x0000000795580000,0x00000007af100000,0x00000007af100000)
  from space 108032K, 99% used [0x00000007af100000,0x00000007b5a12a78,0x00000007b5a80000)
  to   space 148992K, 0% used [0x00000007b6e80000,0x00000007b6e80000,0x00000007c0000000)
 ParOldGen       total 393728K, used 227194K [0x0000000740000000, 0x0000000758080000, 0x0000000795580000)
  object space 393728K, 57% used [0x0000000740000000,0x000000074dddeaf8,0x0000000758080000)
 Metaspace       used 281481K, capacity 293598K, committed 347288K, reserved 1353728K
  class space    used 33282K, capacity 35320K, committed 43184K, reserved 1048576K
Event: 9413.374 GC heap after
Heap after GC invocations=154 (full 8):
 PSYoungGen      total 481280K, used 148988K [0x0000000795580000, 0x00000007c0000000, 0x00000007c0000000)
  eden space 332288K, 0% used [0x0000000795580000,0x0000000795580000,0x00000007a9a00000)
  from space 148992K, 99% used [0x00000007b6e80000,0x00000007bffff258,0x00000007c0000000)
  to   space 183296K, 0% used [0x00000007a9a00000,0x00000007a9a00000,0x00000007b4d00000)
 ParOldGen       total 393728K, used 257927K [0x0000000740000000, 0x0000000758080000, 0x0000000795580000)
  object space 393728K, 65% used [0x0000000740000000,0x000000074fbe1cb0,0x0000000758080000)
 Metaspace       used 281481K, capacity 293598K, committed 347288K, reserved 1353728K
  class space    used 33282K, capacity 35320K, committed 43184K, reserved 1048576K
}
Event: 9514.747 GC heap before
{Heap before GC invocations=155 (full 8):
 PSYoungGen      total 481280K, used 481276K [0x0000000795580000, 0x00000007c0000000, 0x00000007c0000000)
  eden space 332288K, 100% used [0x0000000795580000,0x00000007a9a00000,0x00000007a9a00000)
  from space 148992K, 99% used [0x00000007b6e80000,0x00000007bffff258,0x00000007c0000000)
  to   space 183296K, 0% used [0x00000007a9a00000,0x00000007a9a00000,0x00000007b4d00000)
 ParOldGen       total 393728K, used 257927K [0x0000000740000000, 0x0000000758080000, 0x0000000795580000)
  object space 393728K, 65% used [0x0000000740000000,0x000000074fbe1cb0,0x0000000758080000)
 Metaspace       used 282604K, capacity 294750K, committed 347288K, reserved 1353728K
  class space    used 33389K, capacity 35422K, committed 43184K, reserved 1048576K

Deoptimization events (10 events):
Event: 9183.380 Thread 0x00007fa280ec4000 Uncommon trap: reason=unstable_if action=reinterpret pc=0x0000000119eabf28 method=kotlin.jvm.internal.Intrinsics.areEqual(Ljava/lang/Object;Ljava/lang/Object;)Z @ 5
Event: 9183.922 Thread 0x00007fa280ec4000 Uncommon trap: reason=unstable_if action=reinterpret pc=0x00000001197db1a4 method=android.databinding.tool.reflection.SdkUtil$ApiChecker.buildFullLookup()V @ 49
Event: 9185.546 Thread 0x00007fa28921e000 Uncommon trap: reason=predicate action=maybe_recompile pc=0x0000000119190d4c method=com.android.tools.r8.s.a.a.b.i2.a(I[Ljava/util/Map$Entry;)Lcom/android/tools/r8/s/a/a/b/i2; @ 59
Event: 9290.379 Thread 0x00007fa282ea5000 Uncommon trap: reason=unstable_if action=reinterpret pc=0x0000000114471874 method=com.google.gson.stream.JsonReader.nextNonWhitespace(Z)I @ 61
Event: 9291.090 Thread 0x00007fa282ea5000 Uncommon trap: reason=unstable_if action=reinterpret pc=0x0000000115517ba8 method=kotlin.jvm.internal.Intrinsics.areEqual(Ljava/lang/Object;Ljava/lang/Object;)Z @ 5
Event: 9291.923 Thread 0x00007fa282ea5000 Uncommon trap: reason=unstable_if action=reinterpret pc=0x00000001197db1b8 method=android.databinding.tool.reflection.SdkUtil$ApiChecker.buildFullLookup()V @ 49
Event: 9410.110 Thread 0x00007fa27dd4b800 Uncommon trap: reason=unstable_if action=reinterpret pc=0x000000011d15c4e4 method=org.antlr.v4.runtime.atn.LexerATNSimulator.getExistingTargetState(Lorg/antlr/v4/runtime/dfa/DFAState;I)Lorg/antlr/v4/runtime/dfa/DFAState; @ 4
Event: 9410.119 Thread 0x00007fa27dd4b800 Uncommon trap: reason=unstable_if action=reinterpret pc=0x000000011c8a366c method=org.antlr.v4.runtime.atn.LexerATNSimulator.getExistingTargetState(Lorg/antlr/v4/runtime/dfa/DFAState;I)Lorg/antlr/v4/runtime/dfa/DFAState; @ 4
Event: 9412.885 Thread 0x00007fa281bb7000 Uncommon trap: reason=unstable_if action=reinterpret pc=0x00000001194c7334 method=com.google.gson.stream.JsonReader.nextNonWhitespace(Z)I @ 61
Event: 9413.404 Thread 0x00007fa281bb7000 Uncommon trap: reason=unstable_if action=reinterpret pc=0x00000001171a13a8 method=kotlin.jvm.internal.Intrinsics.areEqual(Ljava/lang/Object;Ljava/lang/Object;)Z @ 5

Classes redefined (0 events):
No events

Internal exceptions (10 events):
Event: 9414.107 Thread 0x00007fa287e71000 Exception <a 'java/lang/InterruptedException'> (0x00000007a7e1be28) thrown at [/Volumes/Android/buildbot/src/googleplex-android/openjdk/out/hotspot/src/share/vm/runtime/objectMonitor.cpp, line 1680]
Event: 9414.165 Thread 0x00007fa285fc3000 Exception <a 'sun/nio/fs/UnixException'> (0x00000007a83d4a00) thrown at [/Volumes/Android/buildbot/src/googleplex-android/openjdk/out/hotspot/src/share/vm/prims/jni.cpp, line 710]
Event: 9414.165 Thread 0x00007fa285fc3000 Exception <a 'sun/nio/fs/UnixException'> (0x00000007a83d5748) thrown at [/Volumes/Android/buildbot/src/googleplex-android/openjdk/out/hotspot/src/share/vm/prims/jni.cpp, line 710]
Event: 9414.165 Thread 0x00007fa285fc3000 Exception <a 'sun/nio/fs/UnixException'> (0x00000007a83d6490) thrown at [/Volumes/Android/buildbot/src/googleplex-android/openjdk/out/hotspot/src/share/vm/prims/jni.cpp, line 710]
Event: 9414.166 Thread 0x00007fa285fc3000 Exception <a 'sun/nio/fs/UnixException'> (0x00000007a83dbe60) thrown at [/Volumes/Android/buildbot/src/googleplex-android/openjdk/out/hotspot/src/share/vm/prims/jni.cpp, line 710]
Event: 9414.166 Thread 0x00007fa285fc3000 Exception <a 'sun/nio/fs/UnixException'> (0x00000007a83dcbf0) thrown at [/Volumes/Android/buildbot/src/googleplex-android/openjdk/out/hotspot/src/share/vm/prims/jni.cpp, line 710]
Event: 9414.166 Thread 0x00007fa285fc3000 Exception <a 'sun/nio/fs/UnixException'> (0x00000007a83dd940) thrown at [/Volumes/Android/buildbot/src/googleplex-android/openjdk/out/hotspot/src/share/vm/prims/jni.cpp, line 710]
Event: 9414.167 Thread 0x00007fa285fc3000 Exception <a 'sun/nio/fs/UnixException'> (0x00000007a83f6028) thrown at [/Volumes/Android/buildbot/src/googleplex-android/openjdk/out/hotspot/src/share/vm/prims/jni.cpp, line 710]
Event: 9414.167 Thread 0x00007fa285fc3000 Exception <a 'sun/nio/fs/UnixException'> (0x00000007a83f6dc8) thrown at [/Volumes/Android/buildbot/src/googleplex-android/openjdk/out/hotspot/src/share/vm/prims/jni.cpp, line 710]
Event: 9414.167 Thread 0x00007fa285fc3000 Exception <a 'sun/nio/fs/UnixException'> (0x00000007a83f7b18) thrown at [/Volumes/Android/buildbot/src/googleplex-android/openjdk/out/hotspot/src/share/vm/prims/jni.cpp, line 710]

Events (10 events):
Event: 9514.645 Thread 0x00007fa27e012800 flushing nmethod 0x0000000116e8a590
Event: 9514.656 Thread 0x00007fa280ec4000 Thread added: 0x00007fa280ec4000
Event: 9514.657 Thread 0x00007fa27edc9000 Thread added: 0x00007fa27edc9000
Event: 9514.659 Thread 0x00007fa27e012800 flushing nmethod 0x00000001172e5610
Event: 9514.659 Thread 0x00007fa27e012800 flushing nmethod 0x00000001172e6150
Event: 9514.659 Thread 0x00007fa27e012800 flushing nmethod 0x00000001172e6dd0
Event: 9514.747 Thread 0x00007fa282710000 Thread added: 0x00007fa282710000
Event: 9514.747 Thread 0x00007fa282468000 Thread added: 0x00007fa282468000
Event: 9514.747 Executing VM operation: ParallelGCFailedAllocation
Event: 9514.747 Thread 0x00007fa285966000 Thread added: 0x00007fa285966000


Dynamic libraries:
0x00007fff4c62f000 	/System/Library/Frameworks/Cocoa.framework/Versions/A/Cocoa
0x00007fff583f5000 	/System/Library/Frameworks/Security.framework/Versions/A/Security
0x00007fff4b2c1000 	/System/Library/Frameworks/ApplicationServices.framework/Versions/A/ApplicationServices
0x00007fff784f0000 	/usr/lib/libz.1.dylib
0x00007fff75e47000 	/usr/lib/libSystem.B.dylib
0x00007fff4cea4000 	/System/Library/Frameworks/CoreFoundation.framework/Versions/A/CoreFoundation
0x00007fff4f129000 	/System/Library/Frameworks/Foundation.framework/Versions/C/Foundation
0x00007fff77680000 	/usr/lib/libobjc.A.dylib
0x00007fff4a4ba000 	/System/Library/Frameworks/AppKit.framework/Versions/C/AppKit
0x00007fff4ca2d000 	/System/Library/Frameworks/CoreData.framework/Versions/A/CoreData
0x00007fff6f90a000 	/System/Library/PrivateFrameworks/RemoteViewServices.framework/Versions/A/RemoteViewServices
0x00007fff73b83000 	/System/Library/PrivateFrameworks/UIFoundation.framework/Versions/A/UIFoundation
0x00007fff75268000 	/System/Library/PrivateFrameworks/XCTTargetBootstrap.framework/Versions/A/XCTTargetBootstrap
0x00007fff4cdb3000 	/System/Library/Frameworks/CoreDisplay.framework/Versions/A/CoreDisplay
0x00007fff6a63e000 	/System/Library/PrivateFrameworks/IconServices.framework/Versions/A/IconServices
0x00007fff51a5e000 	/System/Library/Frameworks/Metal.framework/Versions/A/Metal
0x00007fff61b82000 	/System/Library/PrivateFrameworks/DesktopServicesPriv.framework/Versions/A/DesktopServicesPriv
0x00007fff769e3000 	/usr/lib/libenergytrace.dylib
0x00007fff72069000 	/System/Library/PrivateFrameworks/SkyLight.framework/Versions/A/SkyLight
0x00007fff4d2eb000 	/System/Library/Frameworks/CoreGraphics.framework/Versions/A/CoreGraphics
0x00007fff49286000 	/System/Library/Frameworks/Accelerate.framework/Versions/A/Accelerate
0x00007fff4f872000 	/System/Library/Frameworks/IOSurface.framework/Versions/A/IOSurface
0x00007fff619ee000 	/System/Library/PrivateFrameworks/DFRFoundation.framework/Versions/A/DFRFoundation
0x00007fff4b7a4000 	/System/Library/Frameworks/AudioToolbox.framework/Versions/A/AudioToolbox
0x00007fff4ba1d000 	/System/Library/Frameworks/AudioUnit.framework/Versions/A/AudioUnit
0x00007fff61a83000 	/System/Library/PrivateFrameworks/DataDetectorsCore.framework/Versions/A/DataDetectorsCore
0x00007fff4c132000 	/System/Library/Frameworks/Carbon.framework/Versions/A/Frameworks/HIToolbox.framework/Versions/A/HIToolbox
0x00007fff76b3c000 	/usr/lib/libicucore.A.dylib
0x00007fff57966000 	/System/Library/Frameworks/QuartzCore.framework/Versions/A/QuartzCore
0x00007fff4c507000 	/System/Library/Frameworks/Carbon.framework/Versions/A/Frameworks/SpeechRecognition.framework/Versions/A/SpeechRecognition
0x00007fff75f9b000 	/usr/lib/libauto.dylib
0x00007fff783e3000 	/usr/lib/libxml2.2.dylib
0x00007fff615c9000 	/System/Library/PrivateFrameworks/CoreUI.framework/Versions/A/CoreUI
0x00007fff4c918000 	/System/Library/Frameworks/CoreAudio.framework/Versions/A/CoreAudio
0x00007fff4ef5d000 	/System/Library/Frameworks/DiskArbitration.framework/Versions/A/DiskArbitration
0x00007fff76dea000 	/usr/lib/liblangid.dylib
0x00007fff6ba4a000 	/System/Library/PrivateFrameworks/MultitouchSupport.framework/Versions/A/MultitouchSupport
0x00007fff4f7e1000 	/System/Library/Frameworks/IOKit.framework/Versions/A/IOKit
0x00007fff75a07000 	/usr/lib/libDiagnosticMessagesClient.dylib
0x00007fff4e0fb000 	/System/Library/Frameworks/CoreServices.framework/Versions/A/CoreServices
0x00007fff6d705000 	/System/Library/PrivateFrameworks/PerformanceAnalysis.framework/Versions/A/PerformanceAnalysis
0x00007fff56b4d000 	/System/Library/Frameworks/OpenGL.framework/Versions/A/OpenGL
0x00007fff4c63d000 	/System/Library/Frameworks/ColorSync.framework/Versions/A/ColorSync
0x00007fff4d97d000 	/System/Library/Frameworks/CoreImage.framework/Versions/A/CoreImage
0x00007fff4ead3000 	/System/Library/Frameworks/CoreText.framework/Versions/A/CoreText
0x00007fff4f8d5000 	/System/Library/Frameworks/ImageIO.framework/Versions/A/ImageIO
0x00007fff5dc19000 	/System/Library/PrivateFrameworks/Backup.framework/Versions/A/Backup
0x00007fff75eee000 	/usr/lib/libarchive.2.dylib
0x00007fff4bd76000 	/System/Library/Frameworks/CFNetwork.framework/Versions/A/CFNetwork
0x00007fff58b51000 	/System/Library/Frameworks/SystemConfiguration.framework/Versions/A/SystemConfiguration
0x00007fff75938000 	/usr/lib/libCRFSuite.dylib
0x00007fff7608c000 	/usr/lib/libc++.1.dylib
0x00007fff760e0000 	/usr/lib/libc++abi.dylib
0x00007fff78ce6000 	/usr/lib/system/libcache.dylib
0x00007fff78ceb000 	/usr/lib/system/libcommonCrypto.dylib
0x00007fff78cf6000 	/usr/lib/system/libcompiler_rt.dylib
0x00007fff78cfe000 	/usr/lib/system/libcopyfile.dylib
0x00007fff78d08000 	/usr/lib/system/libcorecrypto.dylib
0x00007fff78e13000 	/usr/lib/system/libdispatch.dylib
0x00007fff78e4d000 	/usr/lib/system/libdyld.dylib
0x00007fff78e7a000 	/usr/lib/system/libkeymgr.dylib
0x00007fff78e88000 	/usr/lib/system/liblaunch.dylib
0x00007fff78e89000 	/usr/lib/system/libmacho.dylib
0x00007fff78e8f000 	/usr/lib/system/libquarantine.dylib
0x00007fff78e92000 	/usr/lib/system/libremovefile.dylib
0x00007fff78e94000 	/usr/lib/system/libsystem_asl.dylib
0x00007fff78eac000 	/usr/lib/system/libsystem_blocks.dylib
0x00007fff78ead000 	/usr/lib/system/libsystem_c.dylib
0x00007fff78f35000 	/usr/lib/system/libsystem_configuration.dylib
0x00007fff78f39000 	/usr/lib/system/libsystem_coreservices.dylib
0x00007fff78f3d000 	/usr/lib/system/libsystem_darwin.dylib
0x00007fff78f44000 	/usr/lib/system/libsystem_dnssd.dylib
0x00007fff78f4b000 	/usr/lib/system/libsystem_info.dylib
0x00007fff78fc0000 	/usr/lib/system/libsystem_m.dylib
0x00007fff7900c000 	/usr/lib/system/libsystem_malloc.dylib
0x00007fff79037000 	/usr/lib/system/libsystem_networkextension.dylib
0x00007fff79042000 	/usr/lib/system/libsystem_notify.dylib
0x00007fff7905f000 	/usr/lib/system/libsystem_sandbox.dylib
0x00007fff79063000 	/usr/lib/system/libsystem_secinit.dylib
0x00007fff78f97000 	/usr/lib/system/libsystem_kernel.dylib
0x00007fff7904a000 	/usr/lib/system/libsystem_platform.dylib
0x00007fff79054000 	/usr/lib/system/libsystem_pthread.dylib
0x00007fff79066000 	/usr/lib/system/libsystem_symptoms.dylib
0x00007fff7906e000 	/usr/lib/system/libsystem_trace.dylib
0x00007fff79085000 	/usr/lib/system/libunwind.dylib
0x00007fff7908b000 	/usr/lib/system/libxpc.dylib
0x00007fff7606d000 	/usr/lib/libbsm.0.dylib
0x00007fff78e7b000 	/usr/lib/system/libkxld.dylib
0x00007fff5d00a000 	/System/Library/PrivateFrameworks/AppleFSCompression.framework/Versions/A/AppleFSCompression
0x00007fff75d07000 	/usr/lib/libOpenScriptingUtil.dylib
0x00007fff76395000 	/usr/lib/libcoretls.dylib
0x00007fff763ac000 	/usr/lib/libcoretls_cfhelpers.dylib
0x00007fff77e17000 	/usr/lib/libpam.2.dylib
0x00007fff77fd7000 	/usr/lib/libsqlite3.dylib
0x00007fff783d1000 	/usr/lib/libxar.1.dylib
0x00007fff7607e000 	/usr/lib/libbz2.1.0.dylib
0x00007fff76dec000 	/usr/lib/liblzma.5.dylib
0x00007fff7729d000 	/usr/lib/libnetwork.dylib
0x00007fff75ed7000 	/usr/lib/libapple_nghttp2.dylib
0x00007fff77e1e000 	/usr/lib/libpcap.A.dylib
0x00007fff4e49a000 	/System/Library/Frameworks/CoreServices.framework/Versions/A/Frameworks/FSEvents.framework/Versions/A/FSEvents
0x00007fff4e179000 	/System/Library/Frameworks/CoreServices.framework/Versions/A/Frameworks/CarbonCore.framework/Versions/A/CarbonCore
0x00007fff4e655000 	/System/Library/Frameworks/CoreServices.framework/Versions/A/Frameworks/Metadata.framework/Versions/A/Metadata
0x00007fff4e6f4000 	/System/Library/Frameworks/CoreServices.framework/Versions/A/Frameworks/OSServices.framework/Versions/A/OSServices
0x00007fff4e73f000 	/System/Library/Frameworks/CoreServices.framework/Versions/A/Frameworks/SearchKit.framework/Versions/A/SearchKit
0x00007fff4e0fc000 	/System/Library/Frameworks/CoreServices.framework/Versions/A/Frameworks/AE.framework/Versions/A/AE
0x00007fff4e4a3000 	/System/Library/Frameworks/CoreServices.framework/Versions/A/Frameworks/LaunchServices.framework/Versions/A/LaunchServices
0x00007fff4e451000 	/System/Library/Frameworks/CoreServices.framework/Versions/A/Frameworks/DictionaryServices.framework/Versions/A/DictionaryServices
0x00007fff4e7a7000 	/System/Library/Frameworks/CoreServices.framework/Versions/A/Frameworks/SharedFileList.framework/Versions/A/SharedFileList
0x00007fff52b28000 	/System/Library/Frameworks/NetFS.framework/Versions/A/NetFS
0x00007fff6bcb0000 	/System/Library/PrivateFrameworks/NetAuth.framework/Versions/A/NetAuth
0x00007fff7566c000 	/System/Library/PrivateFrameworks/login.framework/Versions/A/Frameworks/loginsupport.framework/Versions/A/loginsupport
0x00007fff7378c000 	/System/Library/PrivateFrameworks/TCC.framework/Versions/A/TCC
0x00007fff60c26000 	/System/Library/PrivateFrameworks/CoreNLP.framework/Versions/A/CoreNLP
0x00007fff6b745000 	/System/Library/PrivateFrameworks/MetadataUtilities.framework/Versions/A/MetadataUtilities
0x00007fff76ec1000 	/usr/lib/libmecabra.dylib
0x00007fff4b2c2000 	/System/Library/Frameworks/ApplicationServices.framework/Versions/A/Frameworks/ATS.framework/Versions/A/ATS
0x00007fff4b611000 	/System/Library/Frameworks/ApplicationServices.framework/Versions/A/Frameworks/ColorSyncLegacy.framework/Versions/A/ColorSyncLegacy
0x00007fff4b6b0000 	/System/Library/Frameworks/ApplicationServices.framework/Versions/A/Frameworks/HIServices.framework/Versions/A/HIServices
0x00007fff4b703000 	/System/Library/Frameworks/ApplicationServices.framework/Versions/A/Frameworks/LangAnalysis.framework/Versions/A/LangAnalysis
0x00007fff4b713000 	/System/Library/Frameworks/ApplicationServices.framework/Versions/A/Frameworks/PrintCore.framework/Versions/A/PrintCore
0x00007fff4b75d000 	/System/Library/Frameworks/ApplicationServices.framework/Versions/A/Frameworks/QD.framework/Versions/A/QD
0x00007fff4b797000 	/System/Library/Frameworks/ApplicationServices.framework/Versions/A/Frameworks/SpeechSynthesis.framework/Versions/A/SpeechSynthesis
0x00007fff76108000 	/usr/lib/libcompression.dylib
0x00007fff51d2e000 	/System/Library/Frameworks/MetalPerformanceShaders.framework/Versions/A/MetalPerformanceShaders
0x00007fff4929e000 	/System/Library/Frameworks/Accelerate.framework/Versions/A/Frameworks/vImage.framework/Versions/A/vImage
0x00007fff4a318000 	/System/Library/Frameworks/Accelerate.framework/Versions/A/Frameworks/vecLib.framework/Versions/A/vecLib
0x00007fff4a264000 	/System/Library/Frameworks/Accelerate.framework/Versions/A/Frameworks/vecLib.framework/Versions/A/libvMisc.dylib
0x00007fff4a07c000 	/System/Library/Frameworks/Accelerate.framework/Versions/A/Frameworks/vecLib.framework/Versions/A/libvDSP.dylib
0x00007fff49938000 	/System/Library/Frameworks/Accelerate.framework/Versions/A/Frameworks/vecLib.framework/Versions/A/libBLAS.dylib
0x00007fff49c25000 	/System/Library/Frameworks/Accelerate.framework/Versions/A/Frameworks/vecLib.framework/Versions/A/libLAPACK.dylib
0x00007fff49fcf000 	/System/Library/Frameworks/Accelerate.framework/Versions/A/Frameworks/vecLib.framework/Versions/A/libLinearAlgebra.dylib
0x00007fff4a068000 	/System/Library/Frameworks/Accelerate.framework/Versions/A/Frameworks/vecLib.framework/Versions/A/libSparseBLAS.dylib
0x00007fff49fe5000 	/System/Library/Frameworks/Accelerate.framework/Versions/A/Frameworks/vecLib.framework/Versions/A/libQuadrature.dylib
0x00007fff49bb2000 	/System/Library/Frameworks/Accelerate.framework/Versions/A/Frameworks/vecLib.framework/Versions/A/libBNNS.dylib
0x00007fff49feb000 	/System/Library/Frameworks/Accelerate.framework/Versions/A/Frameworks/vecLib.framework/Versions/A/libSparse.dylib
0x00007fff67f74000 	/System/Library/PrivateFrameworks/GPUWrangler.framework/Versions/A/GPUWrangler
0x00007fff6a273000 	/System/Library/PrivateFrameworks/IOAccelerator.framework/Versions/A/IOAccelerator
0x00007fff6a27e000 	/System/Library/PrivateFrameworks/IOPresentment.framework/Versions/A/IOPresentment
0x00007fff619fe000 	/System/Library/PrivateFrameworks/DSExternalDisplay.framework/Versions/A/DSExternalDisplay
0x00007fff55fa4000 	/System/Library/Frameworks/OpenGL.framework/Versions/A/Libraries/libCoreFSCache.dylib
0x00007fff51b22000 	/System/Library/Frameworks/MetalPerformanceShaders.framework/Frameworks/MPSCore.framework/Versions/A/MPSCore
0x00007fff51b42000 	/System/Library/Frameworks/MetalPerformanceShaders.framework/Frameworks/MPSImage.framework/Versions/A/MPSImage
0x00007fff51be7000 	/System/Library/Frameworks/MetalPerformanceShaders.framework/Frameworks/MPSNeuralNetwork.framework/Versions/A/MPSNeuralNetwork
0x00007fff51bbf000 	/System/Library/Frameworks/MetalPerformanceShaders.framework/Frameworks/MPSMatrix.framework/Versions/A/MPSMatrix
0x00007fff51d13000 	/System/Library/Frameworks/MetalPerformanceShaders.framework/Frameworks/MPSRayIntersector.framework/Versions/A/MPSRayIntersector
0x00007fff6b76e000 	/System/Library/PrivateFrameworks/MetalTools.framework/Versions/A/MetalTools
0x00007fff5c8b4000 	/System/Library/PrivateFrameworks/AggregateDictionary.framework/Versions/A/AggregateDictionary
0x00007fff75ce7000 	/usr/lib/libMobileGestalt.dylib
0x00007fff4ec36000 	/System/Library/Frameworks/CoreVideo.framework/Versions/A/CoreVideo
0x00007fff68d85000 	/System/Library/PrivateFrameworks/GraphVisualizer.framework/Versions/A/GraphVisualizer
0x00007fff62c04000 	/System/Library/PrivateFrameworks/FaceCore.framework/Versions/A/FaceCore
0x00007fff555d2000 	/System/Library/Frameworks/OpenCL.framework/Versions/A/OpenCL
0x00007fff75a3f000 	/usr/lib/libFosl_dynamic.dylib
0x00007fff6c51b000 	/System/Library/PrivateFrameworks/OTSVG.framework/Versions/A/OTSVG
0x00007fff4b3c6000 	/System/Library/Frameworks/ApplicationServices.framework/Versions/A/Frameworks/ATS.framework/Versions/A/Resources/libFontParser.dylib
0x00007fff4b4de000 	/System/Library/Frameworks/ApplicationServices.framework/Versions/A/Frameworks/ATS.framework/Versions/A/Resources/libFontRegistry.dylib
0x00007fff4fb44000 	/System/Library/Frameworks/ImageIO.framework/Versions/A/Resources/libJPEG.dylib
0x00007fff4fe69000 	/System/Library/Frameworks/ImageIO.framework/Versions/A/Resources/libTIFF.dylib
0x00007fff4fe3f000 	/System/Library/Frameworks/ImageIO.framework/Versions/A/Resources/libPng.dylib
0x00007fff4fa62000 	/System/Library/Frameworks/ImageIO.framework/Versions/A/Resources/libGIF.dylib
0x00007fff4fa67000 	/System/Library/Frameworks/ImageIO.framework/Versions/A/Resources/libJP2.dylib
0x00007fff4fe66000 	/System/Library/Frameworks/ImageIO.framework/Versions/A/Resources/libRadiance.dylib
0x00007fff5d161000 	/System/Library/PrivateFrameworks/AppleJPEG.framework/Versions/A/AppleJPEG
0x00007fff55faf000 	/System/Library/Frameworks/OpenGL.framework/Versions/A/Libraries/libGFXShared.dylib
0x00007fff56172000 	/System/Library/Frameworks/OpenGL.framework/Versions/A/Libraries/libGLU.dylib
0x00007fff55fb8000 	/System/Library/Frameworks/OpenGL.framework/Versions/A/Libraries/libGL.dylib
0x00007fff55fc4000 	/System/Library/Frameworks/OpenGL.framework/Versions/A/Libraries/libGLImage.dylib
0x00007fff55fa1000 	/System/Library/Frameworks/OpenGL.framework/Versions/A/Libraries/libCVMSPluginSupport.dylib
0x00007fff55faa000 	/System/Library/Frameworks/OpenGL.framework/Versions/A/Libraries/libCoreVMClient.dylib
0x00007fff76859000 	/usr/lib/libcups.2.dylib
0x00007fff51029000 	/System/Library/Frameworks/Kerberos.framework/Versions/A/Kerberos
0x00007fff4f545000 	/System/Library/Frameworks/GSS.framework/Versions/A/GSS
0x00007fff77f6c000 	/usr/lib/libresolv.9.dylib
0x00007fff76a4b000 	/usr/lib/libiconv.2.dylib
0x00007fff68efa000 	/System/Library/PrivateFrameworks/Heimdal.framework/Versions/A/Heimdal
0x00007fff76a1b000 	/usr/lib/libheimdal-asn1.dylib
0x00007fff55646000 	/System/Library/Frameworks/OpenDirectory.framework/Versions/A/OpenDirectory
0x00007fff5f989000 	/System/Library/PrivateFrameworks/CommonAuth.framework/Versions/A/CommonAuth
0x00007fff5562a000 	/System/Library/Frameworks/OpenDirectory.framework/Versions/A/Frameworks/CFOpenDirectory.framework/Versions/A/CFOpenDirectory
0x00007fff586f6000 	/System/Library/Frameworks/SecurityFoundation.framework/Versions/A/SecurityFoundation
0x00007fff5bdfa000 	/System/Library/PrivateFrameworks/APFS.framework/Versions/A/APFS
0x00007fff783cd000 	/usr/lib/libutil.dylib
0x00007fff760f6000 	/usr/lib/libcharset.1.dylib
0x00007fff5d3fe000 	/System/Library/PrivateFrameworks/AppleSauce.framework/Versions/A/AppleSauce
0x00007fff5d57f000 	/System/Library/PrivateFrameworks/AssertionServices.framework/Versions/A/AssertionServices
0x00007fff5dcaf000 	/System/Library/PrivateFrameworks/BaseBoard.framework/Versions/A/BaseBoard
0x00007fff76e1c000 	/usr/lib/libmecab.1.0.0.dylib
0x00007fff76a15000 	/usr/lib/libgermantok.dylib
0x00007fff75ec4000 	/usr/lib/libThaiTokenizer.dylib
0x00007fff7596f000 	/usr/lib/libChineseTokenizer.dylib
0x00007fff6a92b000 	/System/Library/PrivateFrameworks/LanguageModeling.framework/Versions/A/LanguageModeling
0x00007fff6066b000 	/System/Library/PrivateFrameworks/CoreEmoji.framework/Versions/A/CoreEmoji
0x00007fff6aa07000 	/System/Library/PrivateFrameworks/Lexicon.framework/Versions/A/Lexicon
0x00007fff6aa4a000 	/System/Library/PrivateFrameworks/LinguisticData.framework/Versions/A/LinguisticData
0x00007fff760f7000 	/usr/lib/libcmph.dylib
0x00007fff587b4000 	/System/Library/Frameworks/ServiceManagement.framework/Versions/A/ServiceManagement
0x00007fff5dc10000 	/System/Library/PrivateFrameworks/BackgroundTaskManagement.framework/Versions/A/BackgroundTaskManagement
0x00007fff784c7000 	/usr/lib/libxslt.1.dylib
0x00007fff4c434000 	/System/Library/Frameworks/Carbon.framework/Versions/A/Frameworks/Ink.framework/Versions/A/Ink
0x00007fff739fe000 	/System/Library/PrivateFrameworks/TextureIO.framework/Versions/A/TextureIO
0x00007fff75f18000 	/usr/lib/libate.dylib
0x00007fff6194d000 	/System/Library/PrivateFrameworks/CrashReporterSupport.framework/Versions/A/CrashReporterSupport
0x00007fff71136000 	/System/Library/PrivateFrameworks/Sharing.framework/Versions/A/Sharing
0x00007fff5d962000 	/System/Library/PrivateFrameworks/AuthKit.framework/Versions/A/AuthKit
0x00007fff5ceb6000 	/System/Library/PrivateFrameworks/Apple80211.framework/Versions/A/Apple80211
0x00007fff616f5000 	/System/Library/PrivateFrameworks/CoreUtils.framework/Versions/A/CoreUtils
0x00007fff4ec77000 	/System/Library/Frameworks/CoreWLAN.framework/Versions/A/CoreWLAN
0x00007fff4f674000 	/System/Library/Frameworks/IOBluetooth.framework/Versions/A/IOBluetooth
0x00007fff6f5a6000 	/System/Library/PrivateFrameworks/ProtocolBuffer.framework/Versions/A/ProtocolBuffer
0x00007fff6b9a6000 	/System/Library/PrivateFrameworks/MobileKeyBag.framework/Versions/A/MobileKeyBag
0x00007fff60f39000 	/System/Library/PrivateFrameworks/CorePhoneNumbers.framework/Versions/A/CorePhoneNumbers
0x00007fff5d115000 	/System/Library/PrivateFrameworks/AppleIDAuthSupport.framework/Versions/A/AppleIDAuthSupport
0x00007fff6a8fe000 	/System/Library/PrivateFrameworks/KeychainCircle.framework/Versions/A/KeychainCircle
0x00007fff6f75c000 	/System/Library/PrivateFrameworks/ROCKit.framework/Versions/A/ROCKit
0x00007fff618e9000 	/System/Library/PrivateFrameworks/CoreWiFi.framework/Versions/A/CoreWiFi
0x00007fff4ca02000 	/System/Library/Frameworks/CoreBluetooth.framework/Versions/A/CoreBluetooth
0x00007fff61b44000 	/System/Library/PrivateFrameworks/DebugSymbols.framework/Versions/A/DebugSymbols
0x00007fff614b5000 	/System/Library/PrivateFrameworks/CoreSymbolication.framework/Versions/A/CoreSymbolication
0x00007fff73219000 	/System/Library/PrivateFrameworks/Symbolication.framework/Versions/A/Symbolication
0x00007fff72abc000 	/System/Library/PrivateFrameworks/SpeechRecognitionCore.framework/Versions/A/SpeechRecognitionCore
0x0000000106a00000 	/Applications/Android Studio.app/Contents/jre/jdk/Contents/Home/jre/lib/server/libjvm.dylib
0x00007fff782a8000 	/usr/lib/libstdc++.6.dylib
0x0000000106179000 	/Applications/Android Studio.app/Contents/jre/jdk/Contents/Home/jre/lib/libverify.dylib
0x000000010618b000 	/Applications/Android Studio.app/Contents/jre/jdk/Contents/Home/jre/lib/libjava.dylib
0x00000001061df000 	/Applications/Android Studio.app/Contents/jre/jdk/Contents/Home/jre/lib/libzip.dylib
0x000000010e294000 	/Applications/Android Studio.app/Contents/jre/jdk/Contents/Home/jre/lib/libnio.dylib
0x000000010e2af000 	/Applications/Android Studio.app/Contents/jre/jdk/Contents/Home/jre/lib/./libnet.dylib
0x000000010e26e000 	/Users/ducnv1106/.gradle/native/31/osx-amd64/libnative-platform.dylib
0x000000010ece1000 	/Applications/Android Studio.app/Contents/jre/jdk/Contents/Home/jre/lib/libmanagement.dylib
0x000000011409d000 	/Applications/Android Studio.app/Contents/jre/jdk/Contents/Home/jre/lib/libsunec.dylib
0x000000010e9ba000 	/private/var/folders/bn/v3hvh_w96711n_cvn0kv45tc0000gn/T/native-platform1312995153879139660dir/libnative-platform.dylib

VM Arguments:
jvm_args: -Xmx2048m -Dfile.encoding=UTF-8 -Duser.country=VN -Duser.language=en -Duser.variant 
java_command: org.gradle.launcher.daemon.bootstrap.GradleDaemon 6.1.1
java_class_path (initial): /Users/ducnv1106/.gradle/wrapper/dists/gradle-6.1.1-all/cfmwm155h49vnt3hynmlrsdst/gradle-6.1.1/lib/gradle-launcher-6.1.1.jar
Launcher Type: SUN_STANDARD

Environment Variables:
PATH=/usr/local/bin:/usr/bin:/bin:/usr/sbin:/sbin
SHELL=/bin/bash

Signal Handlers:
SIGSEGV: [libjvm.dylib+0x565c43], sa_mask[0]=11111111011111110111111111111111, sa_flags=SA_ONSTACK|SA_RESTART|SA_SIGINFO
SIGBUS: [libjvm.dylib+0x565c43], sa_mask[0]=11111111011111110111111111111111, sa_flags=SA_RESTART|SA_SIGINFO
SIGFPE: [libjvm.dylib+0x45dd9d], sa_mask[0]=11111111011111110111111111111111, sa_flags=SA_RESTART|SA_SIGINFO
SIGPIPE: [libjvm.dylib+0x45dd9d], sa_mask[0]=11111111011111110111111111111111, sa_flags=SA_RESTART|SA_SIGINFO
SIGXFSZ: [libjvm.dylib+0x45dd9d], sa_mask[0]=11111111011111110111111111111111, sa_flags=SA_RESTART|SA_SIGINFO
SIGILL: [libjvm.dylib+0x45dd9d], sa_mask[0]=11111111011111110111111111111111, sa_flags=SA_RESTART|SA_SIGINFO
SIGUSR1: SIG_DFL, sa_mask[0]=00000000000000000000000000000000, sa_flags=none
SIGUSR2: [libjvm.dylib+0x45e69c], sa_mask[0]=00100000000000000000000000000000, sa_flags=SA_RESTART|SA_SIGINFO
SIGHUP: [libjvm.dylib+0x45c8c1], sa_mask[0]=11111111011111110111111111111111, sa_flags=SA_RESTART|SA_SIGINFO
SIGINT: [libjvm.dylib+0x45c8c1], sa_mask[0]=11111111011111110111111111111111, sa_flags=SA_RESTART|SA_SIGINFO
SIGTERM: [libjvm.dylib+0x45c8c1], sa_mask[0]=11111111011111110111111111111111, sa_flags=SA_RESTART|SA_SIGINFO
SIGQUIT: [libjvm.dylib+0x45c8c1], sa_mask[0]=11111111011111110111111111111111, sa_flags=SA_RESTART|SA_SIGINFO


---------------  S Y S T E M  ---------------

OS:Bsduname:Darwin 18.7.0 Darwin Kernel Version 18.7.0: Mon Aug 31 20:53:32 PDT 2020; root:xnu-4903.278.44~1/RELEASE_X86_64 x86_64
rlimit: STACK 8192k, CORE 0k, NPROC 709, NOFILE 10240, AS infinity
load average:2.00 2.27 2.30

CPU:total 4 (initial active 4) (2 cores per cpu, 2 threads per core) family 6 model 142 stepping 9, cmov, cx8, fxsr, mmx, sse, sse2, sse3, ssse3, sse4.1, sse4.2, popcnt, avx, avx2, aes, clmul, erms, 3dnowpref, lzcnt, ht, tsc, tscinvbit, bmi1, bmi2, adx

Memory: 4k page, physical 8388608k(18136k free)

/proc/meminfo:


vm_info: OpenJDK 64-Bit Server VM (25.242-b3-6222593) for bsd-amd64 JRE (1.8.0_242-release-1644-b3-6222593), built by "android-build" with gcc 4.2.1 Compatible Android (5484270 based on r353983c) Clang 9.0.3 (https://android.googlesource.com/toolchain/clang 745b335211bb9eadfa6aa6301f84715cee4b37c5) (https://android.googlesource.com/toolchain/llvm 60cf23e54e46c807513f7a36d0a7b777920b5881)

time: Sun Nov  1 01:20:39 2020
timezone: +07
elapsed time: 9515 seconds (0d 2h 38m 35s)

